  StackNode.cpp
  test.cpp
  正在生成代码...
test.obj : error LNK2005: main 已经在 StackNode.obj 中定义
D:\考研\王道数据结构\works\Stack\x64\Debug\Stack.exe : fatal error LNK1169: 找到一个或多个多重定义的符号
